{"/home/nilson/Workspace/Treinamentos/CodeEducation/desafio-codeeducation-node-ci-sonarcloud/src/sub.js": {"path":"/home/nilson/Workspace/Treinamentos/CodeEducation/desafio-codeeducation-node-ci-sonarcloud/src/sub.js","statementMap":{"0":{"start":{"line":2,"column":4},"end":{"line":2,"column":16}},"1":{"start":{"line":4,"column":0},"end":{"line":4,"column":21}}},"fnMap":{"0":{"name":"sub","decl":{"start":{"line":1,"column":9},"end":{"line":1,"column":12}},"loc":{"start":{"line":1,"column":18},"end":{"line":3,"column":1}},"line":1}},"branchMap":{},"s":{"0":1,"1":1},"f":{"0":1},"b":{},"_coverageSchema":"1a1c01bbd47fc00a2c39e90264f33305004495a9","hash":"06215766494ee3260690e46dc4a905a2d324ac28"}
,"/home/nilson/Workspace/Treinamentos/CodeEducation/desafio-codeeducation-node-ci-sonarcloud/src/sum.js": {"path":"/home/nilson/Workspace/Treinamentos/CodeEducation/desafio-codeeducation-node-ci-sonarcloud/src/sum.js","statementMap":{"0":{"start":{"line":2,"column":4},"end":{"line":2,"column":16}},"1":{"start":{"line":4,"column":0},"end":{"line":4,"column":21}}},"fnMap":{"0":{"name":"sum","decl":{"start":{"line":1,"column":9},"end":{"line":1,"column":12}},"loc":{"start":{"line":1,"column":18},"end":{"line":3,"column":1}},"line":1}},"branchMap":{},"s":{"0":1,"1":1},"f":{"0":1},"b":{},"_coverageSchema":"1a1c01bbd47fc00a2c39e90264f33305004495a9","hash":"001eb8470f445dad8732eb5b9731d81e732f5d42"}
,"/home/nilson/Workspace/Treinamentos/CodeEducation/desafio-codeeducation-node-ci-sonarcloud/src/times.js": {"path":"/home/nilson/Workspace/Treinamentos/CodeEducation/desafio-codeeducation-node-ci-sonarcloud/src/times.js","statementMap":{"0":{"start":{"line":2,"column":4},"end":{"line":2,"column":16}},"1":{"start":{"line":4,"column":0},"end":{"line":4,"column":23}}},"fnMap":{"0":{"name":"times","decl":{"start":{"line":1,"column":9},"end":{"line":1,"column":14}},"loc":{"start":{"line":1,"column":20},"end":{"line":3,"column":1}},"line":1}},"branchMap":{},"s":{"0":1,"1":1},"f":{"0":1},"b":{},"_coverageSchema":"1a1c01bbd47fc00a2c39e90264f33305004495a9","hash":"c64a44ec788481995d049a990689ae92e8a5e51c"}
}
